<?xml version="1.0" encoding="UTF-8"?>
<testng-results ignored="1" total="2" passed="1" failed="0" skipped="0">
  <reporter-output>
  </reporter-output>
  <suite started-at="2024-01-12T20:01:27 GMT-06:00" name="Suite" finished-at="2024-01-12T20:01:29 GMT-06:00" duration-ms="2386">
    <groups>
    </groups>
    <test started-at="2024-01-12T20:01:27 GMT-06:00" name="Test" finished-at="2024-01-12T20:01:29 GMT-06:00" duration-ms="2386">
      <class name="com.demo.DataDrivenExample">
        <test-method signature="post()[pri:0, instance:com.demo.DataDrivenExample@3ad83a66]" started-at="2024-01-12T20:01:27 GMT-06:00" name="post" finished-at="2024-01-12T20:01:29 GMT-06:00" duration-ms="2307" status="PASS">
          <reporter-output>
          </reporter-output>
        </test-method> <!-- post -->
      </class> <!-- com.demo.DataDrivenExample -->
    </test> <!-- Test -->
  </suite> <!-- Suite -->
</testng-results>
