<?xml version="1.0" encoding="UTF-8"?>
<testng-results ignored="0" total="1" passed="1" failed="0" skipped="0">
  <reporter-output>
  </reporter-output>
  <suite started-at="2024-01-11T13:38:28 GMT-06:00" name="Default suite" finished-at="2024-01-11T13:38:30 GMT-06:00" duration-ms="2136">
    <groups>
    </groups>
    <test started-at="2024-01-11T13:38:28 GMT-06:00" name="Default test" finished-at="2024-01-11T13:38:30 GMT-06:00" duration-ms="2136">
      <class name="com.tests.SaopXLMRequest">
        <test-method signature="validateSoapXML()[pri:0, instance:com.tests.SaopXLMRequest@2ab4bc72]" started-at="2024-01-11T13:38:28 GMT-06:00" name="validateSoapXML" finished-at="2024-01-11T13:38:30 GMT-06:00" duration-ms="2109" status="PASS">
          <reporter-output>
          </reporter-output>
        </test-method> <!-- validateSoapXML -->
      </class> <!-- com.tests.SaopXLMRequest -->
    </test> <!-- Default test -->
  </suite> <!-- Default suite -->
</testng-results>
